# StreamVersion 1.2
ExposeEvent 0 959 0 0 0 0 0
RenderEvent 0 959 0 0 0 0 0
LeftButtonPressEvent 444 571 0 0 0 0 0
StartInteractionEvent 444 571 0 0 0 0 0
MouseMoveEvent 444 571 0 0 0 0 0
RenderEvent 444 571 0 0 0 0 0
InteractionEvent 444 571 0 0 0 0 0
MouseMoveEvent 444 569 0 0 0 0 0
RenderEvent 444 569 0 0 0 0 0
InteractionEvent 444 569 0 0 0 0 0
MouseMoveEvent 444 565 0 0 0 0 0
RenderEvent 444 565 0 0 0 0 0
InteractionEvent 444 565 0 0 0 0 0
MouseMoveEvent 444 562 0 0 0 0 0
RenderEvent 444 562 0 0 0 0 0
InteractionEvent 444 562 0 0 0 0 0
MouseMoveEvent 444 558 0 0 0 0 0
RenderEvent 444 558 0 0 0 0 0
InteractionEvent 444 558 0 0 0 0 0
MouseMoveEvent 444 544 0 0 0 0 0
RenderEvent 444 544 0 0 0 0 0
InteractionEvent 444 544 0 0 0 0 0
MouseMoveEvent 444 520 0 0 0 0 0
RenderEvent 444 520 0 0 0 0 0
InteractionEvent 444 520 0 0 0 0 0
MouseMoveEvent 442 498 0 0 0 0 0
RenderEvent 442 498 0 0 0 0 0
InteractionEvent 442 498 0 0 0 0 0
MouseMoveEvent 440 485 0 0 0 0 0
RenderEvent 440 485 0 0 0 0 0
InteractionEvent 440 485 0 0 0 0 0
MouseMoveEvent 437 478 0 0 0 0 0
RenderEvent 437 478 0 0 0 0 0
InteractionEvent 437 478 0 0 0 0 0
MouseMoveEvent 437 477 0 0 0 0 0
RenderEvent 437 477 0 0 0 0 0
InteractionEvent 437 477 0 0 0 0 0
MouseMoveEvent 436 473 0 0 0 0 0
RenderEvent 436 473 0 0 0 0 0
InteractionEvent 436 473 0 0 0 0 0
MouseMoveEvent 434 467 0 0 0 0 0
RenderEvent 434 467 0 0 0 0 0
InteractionEvent 434 467 0 0 0 0 0
MouseMoveEvent 432 459 0 0 0 0 0
RenderEvent 432 459 0 0 0 0 0
InteractionEvent 432 459 0 0 0 0 0
MouseMoveEvent 430 451 0 0 0 0 0
RenderEvent 430 451 0 0 0 0 0
InteractionEvent 430 451 0 0 0 0 0
MouseMoveEvent 429 446 0 0 0 0 0
RenderEvent 429 446 0 0 0 0 0
InteractionEvent 429 446 0 0 0 0 0
MouseMoveEvent 427 442 0 0 0 0 0
RenderEvent 427 442 0 0 0 0 0
InteractionEvent 427 442 0 0 0 0 0
MouseMoveEvent 427 439 0 0 0 0 0
RenderEvent 427 439 0 0 0 0 0
InteractionEvent 427 439 0 0 0 0 0
MouseMoveEvent 426 435 0 0 0 0 0
RenderEvent 426 435 0 0 0 0 0
InteractionEvent 426 435 0 0 0 0 0
MouseMoveEvent 426 434 0 0 0 0 0
RenderEvent 426 434 0 0 0 0 0
InteractionEvent 426 434 0 0 0 0 0
MouseMoveEvent 426 431 0 0 0 0 0
RenderEvent 426 431 0 0 0 0 0
InteractionEvent 426 431 0 0 0 0 0
MouseMoveEvent 426 430 0 0 0 0 0
RenderEvent 426 430 0 0 0 0 0
InteractionEvent 426 430 0 0 0 0 0
LeftButtonReleaseEvent 426 430 0 0 0 0 0
EndInteractionEvent 426 430 0 0 0 0 0
RenderEvent 426 430 0 0 0 0 0
